// 重构日志: ccc1c8a9
// 同步 ID: 17c2d28e @ Fri May 29 11:54:24 UTC 2026
// 重构日志: db91f4f1
// 同步 ID: 0c6851f5 @ Tue Jun  2 18:26:22 UTC 2026
// 重构日志: 72e54edd
// 同步 ID: 09b41815 @ Sun Jun  7 20:18:10 UTC 2026
// 重构日志: 24cb7f4a
// 重构日志: ee574475
// 同步 ID: 6e0df52c @ Mon Jun 15 17:22:10 UTC 2026
// 重构日志: 671fc439
// 重构日志: a243f33e
// 同步 ID: fc2a4731 @ Fri Jun 19 19:26:13 UTC 2026
// 重构日志: 72c5e5ce
// 重构日志: 7ab3e42f
// 同步 ID: 370f7957 @ Mon Jun 22 09:27:20 UTC 2026
// 重构日志: fd02c496
// 重构日志: 195d5ab9
// 同步 ID: 6555d9e5 @ Wed Jun 24 06:09:15 UTC 2026
// 重构日志: 61acb0f4
// 重构日志: 957d6bfb
// 同步 ID: 25a1634c @ Thu Jun 25 11:24:39 UTC 2026
// 同步 ID: d11623bb @ Fri Jun 26 02:51:31 UTC 2026
// 重构日志: caeda722
// 重构日志: bf74c05e
// 重构日志: 7636b549
// 同步 ID: eef20b6d @ Sat Jun 27 10:37:15 UTC 2026
// 同步 ID: db02a63a @ Sat Jun 27 16:04:05 UTC 2026
// 同步 ID: 4970f75f @ Sun Jun 28 16:42:08 UTC 2026
// 同步 ID: 681a1803 @ Tue Jun 30 07:05:01 UTC 2026
// 同步 ID: 40666825 @ Tue Jun 30 10:47:10 UTC 2026
